#
# There is insufficient memory for the Java Runtime Environment to continue.
# Native memory allocation (malloc) failed to allocate 32784 bytes for Chunk::new
# Possible reasons:
#   The system is out of physical RAM or swap space
#   In 32 bit mode, the process size limit was hit
# Possible solutions:
#   Reduce memory load on the system
#   Increase physical memory or swap space
#   Check if swap backing store is full
#   Use 64 bit Java on a 64 bit OS
#   Decrease Java heap size (-Xmx/-Xms)
#   Decrease number of Java threads
#   Decrease Java thread stack sizes (-Xss)
#   Set larger code cache with -XX:ReservedCodeCacheSize=
# This output file may be truncated or incomplete.
#
#  Out of Memory Error (allocation.cpp:390), pid=5764, tid=0x0000000000002bc4
#
# JRE version: OpenJDK Runtime Environment (8.0_76-b03) (build 1.8.0_76-release-b03)
# Java VM: OpenJDK 64-Bit Server VM (25.76-b03 mixed mode windows-amd64 compressed oops)
# Failed to write core dump. Minidumps are not enabled by default on client versions of Windows
#

---------------  T H R E A D  ---------------

Current thread (0x000000005500f000):  JavaThread "C2 CompilerThread0" daemon [_thread_in_native, id=11204, stack(0x00000000565b0000,0x00000000566b0000)]

Stack: [0x00000000565b0000,0x00000000566b0000]
[error occurred during error reporting (printing stack bounds), id 0xc0000005]

Native frames: (J=compiled Java code, j=interpreted, Vv=VM code, C=native code)


Current CompileTask:
C2:  33624 1926       4       com.android.dx.ssa.SsaMethod::makeExitBlock (134 bytes)


---------------  P R O C E S S  ---------------

Java Threads: ( => current thread )
  0x0000000057483000 JavaThread "pool-2-thread-4" [_thread_blocked, id=10824, stack(0x0000000058090000,0x0000000058190000)]
  0x0000000057482800 JavaThread "pool-2-thread-3" [_thread_in_Java, id=10524, stack(0x0000000057f30000,0x0000000058030000)]
  0x0000000057481800 JavaThread "pool-2-thread-2" [_thread_blocked, id=1464, stack(0x0000000057c90000,0x0000000057d90000)]
  0x0000000057481000 JavaThread "pool-3-thread-1" [_thread_blocked, id=6780, stack(0x0000000057980000,0x0000000057a80000)]
  0x0000000057480000 JavaThread "pool-2-thread-1" [_thread_blocked, id=2348, stack(0x0000000057b20000,0x0000000057c20000)]
  0x000000005722a800 JavaThread "Service Thread" daemon [_thread_blocked, id=8080, stack(0x0000000057830000,0x0000000057930000)]
  0x0000000057229800 JavaThread "C1 CompilerThread2" daemon [_thread_blocked, id=9860, stack(0x00000000575e0000,0x00000000576e0000)]
  0x0000000055016800 JavaThread "C2 CompilerThread1" daemon [_thread_blocked, id=10576, stack(0x0000000057700000,0x0000000057800000)]
=>0x000000005500f000 JavaThread "C2 CompilerThread0" daemon [_thread_in_native, id=11204, stack(0x00000000565b0000,0x00000000566b0000)]
  0x000000005500b800 JavaThread "Attach Listener" daemon [_thread_blocked, id=11196, stack(0x00000000570d0000,0x00000000571d0000)]
  0x000000005501f000 JavaThread "Signal Dispatcher" daemon [_thread_blocked, id=7280, stack(0x0000000056fc0000,0x00000000570c0000)]
  0x0000000054ff7000 JavaThread "Finalizer" daemon [_thread_blocked, id=10904, stack(0x00000000563f0000,0x00000000564f0000)]
  0x0000000054fb0000 JavaThread "Reference Handler" daemon [_thread_blocked, id=10532, stack(0x0000000056100000,0x0000000056200000)]
  0x000000000053e000 JavaThread "main" [_thread_blocked, id=9808, stack(0x00000000025c0000,0x00000000026c0000)]

Other Threads:
  0x0000000054fa8800 VMThread [stack: 0x0000000055fa0000,0x00000000560a0000] [id=9304]
  0x000000005722c800 WatcherThread [stack: 0x00000000562d0000,0x00000000563d0000] [id=9968]

VM state:not at safepoint (normal execution)

VM Mutex/Monitor currently owned by a thread: None

Heap:
 PSYoungGen      total 38400K, used 14718K [0x00000000eab00000, 0x00000000ef600000, 0x0000000100000000)
  eden space 33280K, 28% used [0x00000000eab00000,0x00000000eb467a08,0x00000000ecb80000)
  from space 5120K, 99% used [0x00000000ecb80000,0x00000000ed078010,0x00000000ed080000)
  to   space 5120K, 0% used [0x00000000ef100000,0x00000000ef100000,0x00000000ef600000)
 ParOldGen       total 87552K, used 10075K [0x00000000c0000000, 0x00000000c5580000, 0x00000000eab00000)
  object space 87552K, 11% used [0x00000000c0000000,0x00000000c09d6d98,0x00000000c5580000)
 Metaspace       used 6323K, capacity 7152K, committed 7296K, reserved 1056768K
  class space    used 579K, capacity 616K, committed 640K, reserved 1048576K

Card table byte_map: [0x0000000011d50000,0x0000000011f60000] byte_map_base: 0x0000000011750000

Marking Bits: (ParMarkBitMap*) 0x0000000056f19d00
 Begin Bits: [0x0000000012420000, 0x0000000013420000)
 End Bits:   [0x0000000013420000, 0x0000000014420000)

Polling page: 0x0000000000230000

CodeCache: size=245760Kb used=8589Kb max_used=8617Kb free=237170Kb
 bounds [0x0000000002990000, 0x0000000003210000, 0x0000000011990000]
 total_blobs=2153 nmethods=1885 adapters=182
 compilation: enabled

Compilation events (10 events):
Event: 31.238 Thread 0x000000005500f000 1922       4       com.android.dx.cf.code.Simulator$SimVisitor::visitConstant (332 bytes)
Event: 32.196 Thread 0x0000000055016800 nmethod 1921 0x00000000031e7b90 code [0x00000000031e7fc0, 0x00000000031eb298]
Event: 32.267 Thread 0x000000005500f000 nmethod 1922 0x00000000031f8d90 code [0x00000000031f9480, 0x00000000031ffea0]
Event: 33.579 Thread 0x0000000055016800 1923       4       com.android.dx.rop.code.RegisterSpec::getBasicFrameType (10 bytes)
Event: 33.581 Thread 0x0000000055016800 nmethod 1923 0x0000000003140690 code [0x00000000031407c0, 0x0000000003140838]
Event: 33.583 Thread 0x000000005500f000 1924       4       com.android.dx.rop.code.BasicBlockList::getInstructionCount (48 bytes)
Event: 33.592 Thread 0x000000005500f000 nmethod 1924 0x00000000031cbdd0 code [0x00000000031cbf20, 0x00000000031cc0f8]
Event: 33.593 Thread 0x0000000055016800 1925       4       com.android.dx.dex.code.CstInsn::<init> (39 bytes)
Event: 33.594 Thread 0x000000005500f000 1926       4       com.android.dx.ssa.SsaMethod::makeExitBlock (134 bytes)
Event: 33.596 Thread 0x0000000055016800 nmethod 1925 0x00000000031cb9d0 code [0x00000000031cbb20, 0x00000000031cbc58]

GC Heap History (6 events):
Event: 8.661 GC heap before
{Heap before GC invocations=1 (full 0):
 PSYoungGen      total 38400K, used 33280K [0x00000000eab00000, 0x00000000ed580000, 0x0000000100000000)
  eden space 33280K, 100% used [0x00000000eab00000,0x00000000ecb80000,0x00000000ecb80000)
  from space 5120K, 0% used [0x00000000ed080000,0x00000000ed080000,0x00000000ed580000)
  to   space 5120K, 0% used [0x00000000ecb80000,0x00000000ecb80000,0x00000000ed080000)
 ParOldGen       total 87552K, used 0K [0x00000000c0000000, 0x00000000c5580000, 0x00000000eab00000)
  object space 87552K, 0% used [0x00000000c0000000,0x00000000c0000000,0x00000000c5580000)
 Metaspace       used 5919K, capacity 6896K, committed 7040K, reserved 1056768K
  class space    used 572K, capacity 616K, committed 640K, reserved 1048576K
Event: 8.714 GC heap after
Heap after GC invocations=1 (full 0):
 PSYoungGen      total 38400K, used 5097K [0x00000000eab00000, 0x00000000ed580000, 0x0000000100000000)
  eden space 33280K, 0% used [0x00000000eab00000,0x00000000eab00000,0x00000000ecb80000)
  from space 5120K, 99% used [0x00000000ecb80000,0x00000000ed07a490,0x00000000ed080000)
  to   space 5120K, 0% used [0x00000000ed080000,0x00000000ed080000,0x00000000ed580000)
 ParOldGen       total 87552K, used 841K [0x00000000c0000000, 0x00000000c5580000, 0x00000000eab00000)
  object space 87552K, 0% used [0x00000000c0000000,0x00000000c00d26a8,0x00000000c5580000)
 Metaspace       used 5919K, capacity 6896K, committed 7040K, reserved 1056768K
  class space    used 572K, capacity 616K, committed 640K, reserved 1048576K
}
Event: 14.906 GC heap before
{Heap before GC invocations=2 (full 0):
 PSYoungGen      total 38400K, used 38377K [0x00000000eab00000, 0x00000000ed580000, 0x0000000100000000)
  eden space 33280K, 100% used [0x00000000eab00000,0x00000000ecb80000,0x00000000ecb80000)
  from space 5120K, 99% used [0x00000000ecb80000,0x00000000ed07a490,0x00000000ed080000)
  to   space 5120K, 0% used [0x00000000ed080000,0x00000000ed080000,0x00000000ed580000)
 ParOldGen       total 87552K, used 841K [0x00000000c0000000, 0x00000000c5580000, 0x00000000eab00000)
  object space 87552K, 0% used [0x00000000c0000000,0x00000000c00d26a8,0x00000000c5580000)
 Metaspace       used 6188K, capacity 7088K, committed 7296K, reserved 1056768K
  class space    used 578K, capacity 616K, committed 640K, reserved 1048576K
Event: 15.635 GC heap after
Heap after GC invocations=2 (full 0):
 PSYoungGen      total 38400K, used 5111K [0x00000000eab00000, 0x00000000ef600000, 0x0000000100000000)
  eden space 33280K, 0% used [0x00000000eab00000,0x00000000eab00000,0x00000000ecb80000)
  from space 5120K, 99% used [0x00000000ed080000,0x00000000ed57dc88,0x00000000ed580000)
  to   space 5120K, 0% used [0x00000000ecb80000,0x00000000ecb80000,0x00000000ed080000)
 ParOldGen       total 87552K, used 4715K [0x00000000c0000000, 0x00000000c5580000, 0x00000000eab00000)
  object space 87552K, 5% used [0x00000000c0000000,0x00000000c049afe0,0x00000000c5580000)
 Metaspace       used 6188K, capacity 7088K, committed 7296K, reserved 1056768K
  class space    used 578K, capacity 616K, committed 640K, reserved 1048576K
}
Event: 23.714 GC heap before
{Heap before GC invocations=3 (full 0):
 PSYoungGen      total 38400K, used 38391K [0x00000000eab00000, 0x00000000ef600000, 0x0000000100000000)
  eden space 33280K, 100% used [0x00000000eab00000,0x00000000ecb80000,0x00000000ecb80000)
  from space 5120K, 99% used [0x00000000ed080000,0x00000000ed57dc88,0x00000000ed580000)
  to   space 5120K, 0% used [0x00000000ecb80000,0x00000000ecb80000,0x00000000ed080000)
 ParOldGen       total 87552K, used 4715K [0x00000000c0000000, 0x00000000c5580000, 0x00000000eab00000)
  object space 87552K, 5% used [0x00000000c0000000,0x00000000c049afe0,0x00000000c5580000)
 Metaspace       used 6310K, capacity 7152K, committed 7296K, reserved 1056768K
  class space    used 579K, capacity 616K, committed 640K, reserved 1048576K
Event: 25.598 GC heap after
Heap after GC invocations=3 (full 0):
 PSYoungGen      total 38400K, used 5088K [0x00000000eab00000, 0x00000000ef600000, 0x0000000100000000)
  eden space 33280K, 0% used [0x00000000eab00000,0x00000000eab00000,0x00000000ecb80000)
  from space 5120K, 99% used [0x00000000ecb80000,0x00000000ed078010,0x00000000ed080000)
  to   space 5120K, 0% used [0x00000000ef100000,0x00000000ef100000,0x00000000ef600000)
 ParOldGen       total 87552K, used 10075K [0x00000000c0000000, 0x00000000c5580000, 0x00000000eab00000)
  object space 87552K, 11% used [0x00000000c0000000,0x00000000c09d6d98,0x00000000c5580000)
 Metaspace       used 6310K, capacity 7152K, committed 7296K, reserved 1056768K
  class space    used 579K, capacity 616K, committed 640K, reserved 1048576K
}

Deoptimization events (10 events):
Event: 16.985 Thread 0x0000000057483000 Uncommon trap: reason=unstable_if action=reinterpret pc=0x000000000305071c method=com.android.dx.rop.code.RegisterSpecSet.<init>(I)V @ 2
Event: 16.985 Thread 0x0000000057483000 Uncommon trap: reason=unstable_if action=reinterpret pc=0x0000000002d69c68 method=com.android.dx.rop.code.RegisterSpecSet.<init>(I)V @ 2
Event: 18.046 Thread 0x0000000057482800 Uncommon trap: reason=bimorphic action=maybe_recompile pc=0x000000000306e814 method=com.android.dx.cf.code.RopperMachine.run(Lcom/android/dx/cf/code/Frame;II)V @ 988
Event: 18.050 Thread 0x0000000057482800 Uncommon trap: reason=unstable_if action=reinterpret pc=0x0000000002ef85d4 method=com.android.dx.ssa.SCCP.simulateBranch(Lcom/android/dx/ssa/SsaInsn;)V @ 64
Event: 18.061 Thread 0x0000000057482800 Uncommon trap: reason=unstable_if action=reinterpret pc=0x0000000002fe27fc method=com.android.dx.ssa.LiteralOpUpgrader$1.visitNonMoveInsn(Lcom/android/dx/ssa/NormalSsaInsn;)V @ 55
Event: 18.063 Thread 0x0000000057482800 Uncommon trap: reason=unstable_if action=reinterpret pc=0x0000000002dc614c method=com.android.dx.ssa.SsaMethod.updateOneDefinition(Lcom/android/dx/ssa/SsaInsn;Lcom/android/dx/rop/code/RegisterSpec;)V @ 4
Event: 18.093 Thread 0x0000000057482800 Uncommon trap: reason=bimorphic action=maybe_recompile pc=0x000000000309e658 method=com.android.dx.ssa.SCCP.setLatticeValueTo(IILcom/android/dx/rop/cst/Constant;)Z @ 43
Event: 18.093 Thread 0x0000000057482800 Uncommon trap: reason=bimorphic action=maybe_recompile pc=0x000000000309e658 method=com.android.dx.ssa.SCCP.setLatticeValueTo(IILcom/android/dx/rop/cst/Constant;)Z @ 43
Event: 18.093 Thread 0x0000000057482800 Uncommon trap: reason=bimorphic action=maybe_recompile pc=0x000000000309e658 method=com.android.dx.ssa.SCCP.setLatticeValueTo(IILcom/android/dx/rop/cst/Constant;)Z @ 43
Event: 18.093 Thread 0x0000000057482800 Uncommon trap: reason=bimorphic action=maybe_recompile pc=0x000000000309e658 method=com.android.dx.ssa.SCCP.setLatticeValueTo(IILcom/android/dx/rop/cst/Constant;)Z @ 43

Internal exceptions (2 events):
Event: 0.162 Thread 0x000000000053e000 Exception <a 'java/lang/NoSuchMethodError': Method sun.misc.Unsafe.defineClass(Ljava/lang/String;[BII)Ljava/lang/Class; name or signature does not match> (0x00000000eab07cc0) thrown at [C:\src\android\AOSP-openjdk\external\jetbrains\jdk\hotspot\src\share\vðÛÌ«´Ä?
Event: 0.162 Thread 0x000000000053e000 Exception <a 'java/lang/NoSuchMethodError': Method sun.misc.Unsafe.prefetchRead(Ljava/lang/Object;J)V name or signature does not match> (0x00000000eab07fa8) thrown at [C:\src\android\AOSP-openjdk\external\jetbrains\jdk\hotspot\src\share\vm\prims\jni.cpp, l

Events (10 events):
Event: 18.093 Thread 0x0000000057482800 DEOPT PACKING pc=0x000000000309e658 sp=0x000000005802e860
Event: 18.093 Thread 0x0000000057482800 DEOPT UNPACKING pc=0x00000000029d556a sp=0x000000005802e7b8 mode 2
Event: 20.285 Thread 0x0000000057482800 DEOPT PACKING pc=0x0000000002d8fd3d sp=0x000000005802e980
Event: 20.285 Thread 0x0000000057482800 DEOPT UNPACKING pc=0x00000000029d71bf sp=0x000000005802e660 mode 0
Event: 23.474 Thread 0x000000000053e000 DEOPT PACKING pc=0x0000000002d966f1 sp=0x00000000026be730
Event: 23.474 Thread 0x000000000053e000 DEOPT UNPACKING pc=0x00000000029d71bf sp=0x00000000026be560 mode 0
Event: 23.484 Executing VM operation: ParallelGCFailedAllocation
Event: 25.598 Executing VM operation: ParallelGCFailedAllocation done
Event: 31.164 loading class com/android/dx/cf/iface/ParseObserver
Event: 31.164 loading class com/android/dx/cf/iface/ParseObserver done


Dynamic libraries:
0x000000013f3f0000 - 0x000000013f421000 	C:\Program Files\Android\Android Studio\jre\bin\java.exe
0x00000000778a0000 - 0x0000000077a4a000 	C:\Windows\SYSTEM32\ntdll.dll
0x0000000077680000 - 0x000000007779f000 	C:\Windows\system32\kernel32.dll
0x000007fefd920000 - 0x000007fefd98a000 	C:\Windows\system32\KERNELBASE.dll
0x000007fefef60000 - 0x000007feff03b000 	C:\Windows\system32\ADVAPI32.dll
0x000007feff090000 - 0x000007feff12f000 	C:\Windows\system32\msvcrt.dll
0x000007feff360000 - 0x000007feff37f000 	C:\Windows\SYSTEM32\sechost.dll
0x000007fefee20000 - 0x000007fefef4d000 	C:\Windows\system32\RPCRT4.dll
0x00000000777a0000 - 0x000000007789a000 	C:\Windows\system32\USER32.dll
0x000007feff690000 - 0x000007feff6f7000 	C:\Windows\system32\GDI32.dll
0x000007fefef50000 - 0x000007fefef5e000 	C:\Windows\system32\LPK.dll
0x000007feff9d0000 - 0x000007feffa9a000 	C:\Windows\system32\USP10.dll
0x000007fefb9f0000 - 0x000007fefbbe4000 	C:\Windows\WinSxS\amd64_microsoft.windows.common-controls_6595b64144ccf1df_6.0.7601.18837_none_fa3b1e3d17594757\COMCTL32.dll
0x000007fefe940000 - 0x000007fefe9b1000 	C:\Windows\system32\SHLWAPI.dll
0x000007fefe910000 - 0x000007fefe93e000 	C:\Windows\system32\IMM32.DLL
0x000007feffaa0000 - 0x000007feffba9000 	C:\Windows\system32\MSCTF.dll
0x0000000058510000 - 0x00000000585e2000 	C:\Program Files\Android\Android Studio\jre\jre\bin\msvcr100.dll
0x0000000056760000 - 0x0000000056f94000 	C:\Program Files\Android\Android Studio\jre\jre\bin\server\jvm.dll
0x000007fefae40000 - 0x000007fefae49000 	C:\Windows\system32\WSOCK32.dll
0x000007feff040000 - 0x000007feff08d000 	C:\Windows\system32\WS2_32.dll
0x000007feff680000 - 0x000007feff688000 	C:\Windows\system32\NSI.dll
0x000007fef9310000 - 0x000007fef934b000 	C:\Windows\system32\WINMM.dll
0x000007fefc6a0000 - 0x000007fefc6ac000 	C:\Windows\system32\VERSION.dll
0x0000000077a70000 - 0x0000000077a77000 	C:\Windows\system32\PSAPI.DLL
0x000007fefc390000 - 0x000007fefc39f000 	C:\Program Files\Android\Android Studio\jre\jre\bin\verify.dll
0x000007feed150000 - 0x000007feed179000 	C:\Program Files\Android\Android Studio\jre\jre\bin\java.dll
0x000007feed0a0000 - 0x000007feed0b6000 	C:\Program Files\Android\Android Studio\jre\jre\bin\zip.dll
0x000007fefd9f0000 - 0x000007fefe77a000 	C:\Windows\system32\SHELL32.dll
0x000007feff130000 - 0x000007feff333000 	C:\Windows\system32\ole32.dll
0x000007fefd5e0000 - 0x000007fefd5ef000 	C:\Windows\system32\profapi.dll

VM Arguments:
jvm_args: -Djava.awt.headless=true -Xmx1024M -Dfile.encoding=windows-1250 -Duser.country=US -Duser.language=en -Duser.variant 
java_command: com.android.dx.command.Main --dex --force-jumbo --num-threads=4 --multi-dex --output E:\Projects\android-design-library-master\app\build\intermediates\transforms\dex\debug\folders\1000\10\internal_impl-23.4.0_2ffbb4382290d8ac625ef7720519083b31f5de42 E:\Projects\android-design-library-master\app\build\intermediates\exploded-aar\com.android.support\support-v4\23.4.0\jars\libs\internal_impl-23.4.0.jar
java_class_path (initial): E:\Android\sdk\build-tools\23.0.3\lib\dx.jar
Launcher Type: SUN_STANDARD

Environment Variables:
PATH=C:\ProgramData\Oracle\Java\javapath;C:\Windows\system32;C:\Windows;C:\Windows\System32\Wbem;C:\Windows\System32\WindowsPowerShell\v1.0\;C:\Program Files (x86)\Skype\Phone\;C:\Program Files\Calibre2\;C:\Users\Edo\.dnx\bin;C:\Program Files\Microsoft DNX\Dnvm\;C:\Program Files\Microsoft SQL Server\120\Tools\Binn\;C:\Program Files\Microsoft SQL Server\130\Tools\Binn\;C:\Program Files (x86)\CodeSmith\v7.1\;C:\Program Files (x86)\Microsoft Visual Studio 14.0\Common7\IDE\Extensions\Exotechnic Corporation\CodeTrigger\4.8.6.7;C:\Program Files\Microsoft SQL Server\Client SDK\ODBC\110\Tools\Binn\;C:\Program Files (x86)\Microsoft SQL Server\120\Tools\Binn\;C:\Program Files\Microsoft SQL Server\120\DTS\Binn\;C:\Program Files (x86)\Microsoft SQL Server\120\Tools\Binn\ManagementStudio\;C:\Program Files (x86)\Microsoft SQL Server\120\DTS\Binn\;C:\Microsoft SQL Server Migration Assistant for MySQL\bin\;C:\Program Files\doxygen\bin;;C:\Program Files (x86)\Microsoft VS Code\bin
USERNAME=Edo
OS=Windows_NT
PROCESSOR_IDENTIFIER=Intel64 Family 15 Model 4 Stepping 1, GenuineIntel



---------------  S Y S T E M  ---------------

OS: Windows 7 , 64 bit Build 7601 (6.1.7601.23572)

CPU:total 4 (1 cores per cpu, 2 threads per core) family 15 model 4 stepping 1, cmov, cx8, fxsr, mmx, sse, sse2, sse3, ht, tsc

Memory: 4k page, physical 8388172k(1661836k free), swap 8386312k(9120k free)

vm_info: OpenJDK 64-Bit Server VM (25.76-b03) for windows-amd64 JRE (1.8.0_76-release-b03), built on Jun 29 2016 19:09:20 by "ralucas" with MS VC++ 10.0 (VS2010)

time: Sat Jan 14 15:07:26 2017
elapsed time: 33 seconds (0d 0h 0m 33s)

