#
# There is insufficient memory for the Java Runtime Environment to continue.
# Native memory allocation (malloc) failed to allocate 107536 bytes for Chunk::new
# Possible reasons:
#   The system is out of physical RAM or swap space
#   In 32 bit mode, the process size limit was hit
# Possible solutions:
#   Reduce memory load on the system
#   Increase physical memory or swap space
#   Check if swap backing store is full
#   Use 64 bit Java on a 64 bit OS
#   Decrease Java heap size (-Xmx/-Xms)
#   Decrease number of Java threads
#   Decrease Java thread stack sizes (-Xss)
#   Set larger code cache with -XX:ReservedCodeCacheSize=
# This output file may be truncated or incomplete.
#
#  Out of Memory Error (allocation.cpp:390), pid=10960, tid=0x0000000000002954
#
# JRE version: OpenJDK Runtime Environment (8.0_76-b03) (build 1.8.0_76-release-b03)
# Java VM: OpenJDK 64-Bit Server VM (25.76-b03 mixed mode windows-amd64 compressed oops)
# Failed to write core dump. Minidumps are not enabled by default on client versions of Windows
#

---------------  T H R E A D  ---------------

Current thread (0x000000005529d000):  JavaThread "C2 CompilerThread0" daemon [_thread_in_native, id=10580, stack(0x00000000565d0000,0x00000000566d0000)]

Stack: [0x00000000565d0000,0x00000000566d0000]
[error occurred during error reporting (printing stack bounds), id 0xc0000005]

Native frames: (J=compiled Java code, j=interpreted, Vv=VM code, C=native code)


Current CompileTask:
C2:  12710 1307       4       com.android.dx.ssa.back.SsaToRop$1::visitBlock (97 bytes)


---------------  P R O C E S S  ---------------

Java Threads: ( => current thread )
  0x000000005742e800 JavaThread "pool-2-thread-3" [_thread_in_Java, id=11304, stack(0x0000000058020000,0x0000000058120000)]
  0x000000005742d800 JavaThread "pool-2-thread-2" [_thread_blocked, id=11300, stack(0x0000000057e90000,0x0000000057f90000)]
  0x000000005742c000 JavaThread "pool-3-thread-1" [_thread_blocked, id=11296, stack(0x0000000057a90000,0x0000000057b90000)]
  0x000000005731e000 JavaThread "Service Thread" daemon [_thread_blocked, id=7648, stack(0x0000000057960000,0x0000000057a60000)]
  0x00000000572ec800 JavaThread "C1 CompilerThread2" daemon [_thread_blocked, id=9712, stack(0x0000000057830000,0x0000000057930000)]
  0x00000000552a1800 JavaThread "C2 CompilerThread1" daemon [_thread_blocked, id=7368, stack(0x00000000571b0000,0x00000000572b0000)]
=>0x000000005529d000 JavaThread "C2 CompilerThread0" daemon [_thread_in_native, id=10580, stack(0x00000000565d0000,0x00000000566d0000)]
  0x00000000552ae800 JavaThread "Attach Listener" daemon [_thread_blocked, id=2736, stack(0x0000000057080000,0x0000000057180000)]
  0x00000000552ad000 JavaThread "Signal Dispatcher" daemon [_thread_blocked, id=9876, stack(0x00000000564c0000,0x00000000565c0000)]
  0x0000000055287000 JavaThread "Finalizer" daemon [_thread_blocked, id=7504, stack(0x00000000562d0000,0x00000000563d0000)]
  0x0000000055240000 JavaThread "Reference Handler" daemon [_thread_blocked, id=10512, stack(0x0000000056180000,0x0000000056280000)]
  0x000000000030e000 JavaThread "main" [_thread_blocked, id=8572, stack(0x0000000002550000,0x0000000002650000)]

Other Threads:
  0x0000000055238800 VMThread [stack: 0x0000000055fa0000,0x00000000560a0000] [id=2928]
  0x0000000057338000 WatcherThread [stack: 0x00000000576e0000,0x00000000577e0000] [id=10652]

VM state:not at safepoint (normal execution)

VM Mutex/Monitor currently owned by a thread: None

Heap:
 PSYoungGen      total 38400K, used 22979K [0x00000000eab00000, 0x00000000ed580000, 0x0000000100000000)
  eden space 33280K, 53% used [0x00000000eab00000,0x00000000ebc74560,0x00000000ecb80000)
  from space 5120K, 99% used [0x00000000ecb80000,0x00000000ed07c878,0x00000000ed080000)
  to   space 5120K, 0% used [0x00000000ed080000,0x00000000ed080000,0x00000000ed580000)
 ParOldGen       total 87552K, used 1971K [0x00000000c0000000, 0x00000000c5580000, 0x00000000eab00000)
  object space 87552K, 2% used [0x00000000c0000000,0x00000000c01ecf58,0x00000000c5580000)
 Metaspace       used 5934K, capacity 6896K, committed 7040K, reserved 1056768K
  class space    used 577K, capacity 616K, committed 640K, reserved 1048576K

Card table byte_map: [0x0000000011ce0000,0x0000000011ef0000] byte_map_base: 0x00000000116e0000

Marking Bits: (ParMarkBitMap*) 0x0000000056f19d00
 Begin Bits: [0x00000000126b0000, 0x00000000136b0000)
 End Bits:   [0x00000000136b0000, 0x00000000146b0000)

Polling page: 0x0000000000350000

CodeCache: size=245760Kb used=4935Kb max_used=4951Kb free=240824Kb
 bounds [0x0000000002920000, 0x0000000002e00000, 0x0000000011920000]
 total_blobs=1507 nmethods=1240 adapters=182
 compilation: enabled

Compilation events (10 events):
Event: 12.171 Thread 0x000000005529d000 1287       4       com.android.dx.ssa.SsaMethod::deleteInsns (239 bytes)
Event: 12.413 Thread 0x00000000552a1800 nmethod 1277 0x0000000002df2f50 code [0x0000000002df32e0, 0x0000000002df56c0]
Event: 12.414 Thread 0x00000000552a1800 1268       4       com.android.dx.rop.code.BasicBlockList$RegCountVisitor::visitPlainInsn (6 bytes)
Event: 12.427 Thread 0x00000000552a1800 nmethod 1268 0x0000000002def8d0 code [0x0000000002defa20, 0x0000000002defc78]
Event: 12.534 Thread 0x000000005529d000 nmethod 1287 0x0000000002df8a90 code [0x0000000002df8cc0, 0x0000000002dfa608]
Event: 12.536 Thread 0x00000000552a1800 1305       4       com.android.dx.rop.code.RegisterSpec::<init> (8 bytes)
Event: 12.536 Thread 0x000000005529d000 1306       4       com.android.dx.rop.code.RegisterSpec::<init> (48 bytes)
Event: 12.538 Thread 0x000000005529d000 nmethod 1306 0x0000000002def650 code [0x0000000002def780, 0x0000000002def838]
Event: 12.538 Thread 0x00000000552a1800 nmethod 1305 0x0000000002def390 code [0x0000000002def4c0, 0x0000000002def578]
Event: 12.540 Thread 0x000000005529d000 1307       4       com.android.dx.ssa.back.SsaToRop$1::visitBlock (97 bytes)

GC Heap History (2 events):
Event: 9.696 GC heap before
{Heap before GC invocations=1 (full 0):
 PSYoungGen      total 38400K, used 33280K [0x00000000eab00000, 0x00000000ed580000, 0x0000000100000000)
  eden space 33280K, 100% used [0x00000000eab00000,0x00000000ecb80000,0x00000000ecb80000)
  from space 5120K, 0% used [0x00000000ed080000,0x00000000ed080000,0x00000000ed580000)
  to   space 5120K, 0% used [0x00000000ecb80000,0x00000000ecb80000,0x00000000ed080000)
 ParOldGen       total 87552K, used 0K [0x00000000c0000000, 0x00000000c5580000, 0x00000000eab00000)
  object space 87552K, 0% used [0x00000000c0000000,0x00000000c0000000,0x00000000c5580000)
 Metaspace       used 5866K, capacity 6832K, committed 7040K, reserved 1056768K
  class space    used 576K, capacity 616K, committed 640K, reserved 1048576K
Event: 10.264 GC heap after
Heap after GC invocations=1 (full 0):
 PSYoungGen      total 38400K, used 5106K [0x00000000eab00000, 0x00000000ed580000, 0x0000000100000000)
  eden space 33280K, 0% used [0x00000000eab00000,0x00000000eab00000,0x00000000ecb80000)
  from space 5120K, 99% used [0x00000000ecb80000,0x00000000ed07c878,0x00000000ed080000)
  to   space 5120K, 0% used [0x00000000ed080000,0x00000000ed080000,0x00000000ed580000)
 ParOldGen       total 87552K, used 1971K [0x00000000c0000000, 0x00000000c5580000, 0x00000000eab00000)
  object space 87552K, 2% used [0x00000000c0000000,0x00000000c01ecf58,0x00000000c5580000)
 Metaspace       used 5866K, capacity 6832K, committed 7040K, reserved 1056768K
  class space    used 576K, capacity 616K, committed 640K, reserved 1048576K
}

Deoptimization events (10 events):
Event: 6.868 Thread 0x000000005742d800 Uncommon trap: reason=null_check action=make_not_entrant pc=0x0000000002b8ce6c method=com.android.dx.ssa.SsaRenamer.getLocalForNewReg(I)Lcom/android/dx/rop/code/LocalItem; @ 19
Event: 6.930 Thread 0x0000000057424800 Uncommon trap: reason=class_check action=maybe_recompile pc=0x0000000002b76320 method=com.android.dx.ssa.NormalSsaInsn.accept(Lcom/android/dx/ssa/SsaInsn$Visitor;)V @ 9
Event: 6.930 Thread 0x0000000057424800 Uncommon trap: reason=class_check action=maybe_recompile pc=0x0000000002b76320 method=com.android.dx.ssa.NormalSsaInsn.accept(Lcom/android/dx/ssa/SsaInsn$Visitor;)V @ 9
Event: 7.731 Thread 0x000000005742e800 Uncommon trap: reason=unstable_if action=reinterpret pc=0x0000000002c4744c method=com.android.dx.ssa.SsaRenamer$BlockRenamer.addMapping(ILcom/android/dx/rop/code/RegisterSpec;)V @ 120
Event: 7.778 Thread 0x000000005742e800 Uncommon trap: reason=class_check action=maybe_recompile pc=0x0000000002cf0a58 method=com.android.dx.ssa.SCCP.setLatticeValueTo(IILcom/android/dx/rop/cst/Constant;)Z @ 43
Event: 8.152 Thread 0x000000005742e800 Uncommon trap: reason=class_check action=maybe_recompile pc=0x0000000002cf0a58 method=com.android.dx.ssa.SCCP.setLatticeValueTo(IILcom/android/dx/rop/cst/Constant;)Z @ 43
Event: 8.155 Thread 0x000000005742e800 Uncommon trap: reason=bimorphic action=maybe_recompile pc=0x0000000002b43eb0 method=java.util.HashMap.getNode(ILjava/lang/Object;)Ljava/util/HashMap$Node; @ 126
Event: 8.155 Thread 0x000000005742e800 Uncommon trap: reason=class_check action=maybe_recompile pc=0x0000000002c19238 method=java.util.HashMap.putVal(ILjava/lang/Object;Ljava/lang/Object;ZZ)Ljava/lang/Object; @ 203
Event: 8.277 Thread 0x000000005742e800 Uncommon trap: reason=class_check action=maybe_recompile pc=0x0000000002cf0a58 method=com.android.dx.ssa.SCCP.setLatticeValueTo(IILcom/android/dx/rop/cst/Constant;)Z @ 43
Event: 8.278 Thread 0x000000005742e800 Uncommon trap: reason=class_check action=maybe_recompile pc=0x0000000002cf0a58 method=com.android.dx.ssa.SCCP.setLatticeValueTo(IILcom/android/dx/rop/cst/Constant;)Z @ 43

Internal exceptions (3 events):
Event: 0.453 Thread 0x000000000030e000 Exception <a 'java/lang/NoSuchMethodError': Method sun.misc.Unsafe.defineClass(Ljava/lang/String;[BII)Ljava/lang/Class; name or signature does not match> (0x00000000eab07cc0) thrown at [C:\src\android\AOSP-openjdk\external\jetbrains\jdk\hotspot\src\share\v˜o2≈›?
Event: 0.453 Thread 0x000000000030e000 Exception <a 'java/lang/NoSuchMethodError': Method sun.misc.Unsafe.prefetchRead(Ljava/lang/Object;J)V name or signature does not match> (0x00000000eab07fa8) thrown at [C:\src\android\AOSP-openjdk\external\jetbrains\jdk\hotspot\src\share\vm\prims\jni.cpp, l€‘Î<–x@
Event: 6.868 Thread 0x000000005742d800 Implicit null exception at 0x0000000002b8b111 to 0x0000000002b8ce45

Events (10 events):
Event: 11.554 Thread 0x0000000057443000 Thread exited: 0x0000000057443000
Event: 11.593 loading class com/android/dx/cf/code/SwitchList
Event: 11.593 loading class com/android/dx/cf/code/SwitchList done
Event: 11.625 Thread 0x000000005742d800 DEOPT PACKING pc=0x0000000002c025c5 sp=0x0000000057f8eb70
Event: 11.625 Thread 0x000000005742d800 DEOPT UNPACKING pc=0x00000000029671bf sp=0x0000000057f8e950 mode 0
Event: 12.027 Thread 0x0000000057424800 DEOPT PACKING pc=0x0000000002c025c5 sp=0x0000000057d1e6a0
Event: 12.027 Thread 0x0000000057424800 DEOPT UNPACKING pc=0x00000000029671bf sp=0x0000000057d1e480 mode 0
Event: 12.092 Thread 0x0000000057424800 Thread exited: 0x0000000057424800
Event: 12.535 loading class com/android/dx/rop/code/RegisterSpec$1
Event: 12.535 loading class com/android/dx/rop/code/RegisterSpec$1 done


Dynamic libraries:
0x000000013f3f0000 - 0x000000013f421000 	C:\Program Files\Android\Android Studio\jre\bin\java.exe
0x00000000778a0000 - 0x0000000077a4a000 	C:\Windows\SYSTEM32\ntdll.dll
0x0000000077680000 - 0x000000007779f000 	C:\Windows\system32\kernel32.dll
0x000007fefd920000 - 0x000007fefd98a000 	C:\Windows\system32\KERNELBASE.dll
0x000007fefef60000 - 0x000007feff03b000 	C:\Windows\system32\ADVAPI32.dll
0x000007feff090000 - 0x000007feff12f000 	C:\Windows\system32\msvcrt.dll
0x000007feff360000 - 0x000007feff37f000 	C:\Windows\SYSTEM32\sechost.dll
0x000007fefee20000 - 0x000007fefef4d000 	C:\Windows\system32\RPCRT4.dll
0x00000000777a0000 - 0x000000007789a000 	C:\Windows\system32\USER32.dll
0x000007feff690000 - 0x000007feff6f7000 	C:\Windows\system32\GDI32.dll
0x000007fefef50000 - 0x000007fefef5e000 	C:\Windows\system32\LPK.dll
0x000007feff9d0000 - 0x000007feffa9a000 	C:\Windows\system32\USP10.dll
0x000007fefb9f0000 - 0x000007fefbbe4000 	C:\Windows\WinSxS\amd64_microsoft.windows.common-controls_6595b64144ccf1df_6.0.7601.18837_none_fa3b1e3d17594757\COMCTL32.dll
0x000007fefe940000 - 0x000007fefe9b1000 	C:\Windows\system32\SHLWAPI.dll
0x000007fefe910000 - 0x000007fefe93e000 	C:\Windows\system32\IMM32.DLL
0x000007feffaa0000 - 0x000007feffba9000 	C:\Windows\system32\MSCTF.dll
0x0000000058510000 - 0x00000000585e2000 	C:\Program Files\Android\Android Studio\jre\jre\bin\msvcr100.dll
0x0000000056760000 - 0x0000000056f94000 	C:\Program Files\Android\Android Studio\jre\jre\bin\server\jvm.dll
0x000007fefae40000 - 0x000007fefae49000 	C:\Windows\system32\WSOCK32.dll
0x000007feff040000 - 0x000007feff08d000 	C:\Windows\system32\WS2_32.dll
0x000007feff680000 - 0x000007feff688000 	C:\Windows\system32\NSI.dll
0x000007fef9310000 - 0x000007fef934b000 	C:\Windows\system32\WINMM.dll
0x000007fefc6a0000 - 0x000007fefc6ac000 	C:\Windows\system32\VERSION.dll
0x0000000077a70000 - 0x0000000077a77000 	C:\Windows\system32\PSAPI.DLL
0x000007fefc390000 - 0x000007fefc39f000 	C:\Program Files\Android\Android Studio\jre\jre\bin\verify.dll
0x000007feed150000 - 0x000007feed179000 	C:\Program Files\Android\Android Studio\jre\jre\bin\java.dll
0x000007feed0a0000 - 0x000007feed0b6000 	C:\Program Files\Android\Android Studio\jre\jre\bin\zip.dll
0x000007fefd9f0000 - 0x000007fefe77a000 	C:\Windows\system32\SHELL32.dll
0x000007feff130000 - 0x000007feff333000 	C:\Windows\system32\ole32.dll
0x000007fefd5e0000 - 0x000007fefd5ef000 	C:\Windows\system32\profapi.dll

VM Arguments:
jvm_args: -Djava.awt.headless=true -Xmx1024M -Dfile.encoding=windows-1250 -Duser.country=US -Duser.language=en -Duser.variant 
java_command: com.android.dx.command.Main --dex --force-jumbo --num-threads=4 --multi-dex --output E:\Projects\android-design-library-master\app\build\intermediates\transforms\dex\debug\folders\1000\10\instant-run_b1aa9fe0cc5be7702216502d19f421f8534160c5 E:\Projects\android-design-library-master\app\build\intermediates\incremental-runtime-classes\debug\instant-run.jar
java_class_path (initial): E:\Android\sdk\build-tools\23.0.3\lib\dx.jar
Launcher Type: SUN_STANDARD

Environment Variables:
PATH=C:\ProgramData\Oracle\Java\javapath;C:\Windows\system32;C:\Windows;C:\Windows\System32\Wbem;C:\Windows\System32\WindowsPowerShell\v1.0\;C:\Program Files (x86)\Skype\Phone\;C:\Program Files\Calibre2\;C:\Users\Edo\.dnx\bin;C:\Program Files\Microsoft DNX\Dnvm\;C:\Program Files\Microsoft SQL Server\120\Tools\Binn\;C:\Program Files\Microsoft SQL Server\130\Tools\Binn\;C:\Program Files (x86)\CodeSmith\v7.1\;C:\Program Files (x86)\Microsoft Visual Studio 14.0\Common7\IDE\Extensions\Exotechnic Corporation\CodeTrigger\4.8.6.7;C:\Program Files\Microsoft SQL Server\Client SDK\ODBC\110\Tools\Binn\;C:\Program Files (x86)\Microsoft SQL Server\120\Tools\Binn\;C:\Program Files\Microsoft SQL Server\120\DTS\Binn\;C:\Program Files (x86)\Microsoft SQL Server\120\Tools\Binn\ManagementStudio\;C:\Program Files (x86)\Microsoft SQL Server\120\DTS\Binn\;C:\Microsoft SQL Server Migration Assistant for MySQL\bin\;C:\Program Files\doxygen\bin;;C:\Program Files (x86)\Microsoft VS Code\bin
USERNAME=Edo
OS=Windows_NT
PROCESSOR_IDENTIFIER=Intel64 Family 15 Model 4 Stepping 1, GenuineIntel



---------------  S Y S T E M  ---------------

OS: Windows 7 , 64 bit Build 7601 (6.1.7601.23572)

CPU:total 4 (1 cores per cpu, 2 threads per core) family 15 model 4 stepping 1, cmov, cx8, fxsr, mmx, sse, sse2, sse3, ht, tsc

Memory: 4k page, physical 8388172k(1660008k free), swap 8386312k(5152k free)

vm_info: OpenJDK 64-Bit Server VM (25.76-b03) for windows-amd64 JRE (1.8.0_76-release-b03), built on Jun 29 2016 19:09:20 by "ralucas" with MS VC++ 10.0 (VS2010)

time: Sat Jan 14 15:07:26 2017
elapsed time: 12 seconds (0d 0h 0m 12s)

